[08/Nov/2017 22:06:29] DEBUG [django.db.backends:91] (0.000) 
            SELECT name, type FROM sqlite_master
            WHERE type in ('table', 'view') AND NOT name='sqlite_sequence'
            ORDER BY name; args=None
[08/Nov/2017 22:06:29] DEBUG [django.db.backends:91] (0.000) PRAGMA foreign_keys; args=None
[08/Nov/2017 22:06:29] DEBUG [django.db.backends:91] (0.000) PRAGMA foreign_keys = 0; args=None
[08/Nov/2017 22:06:29] DEBUG [django.db.backends:91] (0.000) BEGIN; args=None
[08/Nov/2017 22:06:29] DEBUG [django.db.backends.schema:111] CREATE TABLE "django_migrations" ("id" integer NOT NULL PRIMARY KEY AUTOINCREMENT, "app" varchar(255) NOT NULL, "name" varchar(255) NOT NULL, "applied" datetime NOT NULL); (params None)
[08/Nov/2017 22:06:29] DEBUG [django.db.backends:91] (0.000) CREATE TABLE "django_migrations" ("id" integer NOT NULL PRIMARY KEY AUTOINCREMENT, "app" varchar(255) NOT NULL, "name" varchar(255) NOT NULL, "applied" datetime NOT NULL); args=None
[08/Nov/2017 22:06:29] DEBUG [django.db.backends:91] (0.000) PRAGMA foreign_keys = 0; args=None
[08/Nov/2017 22:06:29] DEBUG [django.db.backends:91] (0.000) SELECT "django_migrations"."app", "django_migrations"."name" FROM "django_migrations"; args=()
[08/Nov/2017 22:06:33] DEBUG [django.db.backends:91] (0.000) 
            SELECT name, type FROM sqlite_master
            WHERE type in ('table', 'view') AND NOT name='sqlite_sequence'
            ORDER BY name; args=None
[08/Nov/2017 22:06:33] DEBUG [django.db.backends:91] (0.000) SELECT "django_migrations"."app", "django_migrations"."name" FROM "django_migrations"; args=()
[08/Nov/2017 22:06:33] DEBUG [django.db.backends:91] (0.000) 
            SELECT name, type FROM sqlite_master
            WHERE type in ('table', 'view') AND NOT name='sqlite_sequence'
            ORDER BY name; args=None
[08/Nov/2017 22:06:33] DEBUG [django.db.backends:91] (0.000) SELECT "django_migrations"."app", "django_migrations"."name" FROM "django_migrations"; args=()
[08/Nov/2017 22:06:33] DEBUG [django.db.backends:91] (0.000) PRAGMA foreign_keys; args=None
[08/Nov/2017 22:06:33] DEBUG [django.db.backends:91] (0.000) PRAGMA foreign_keys = 0; args=None
[08/Nov/2017 22:06:33] DEBUG [django.db.backends:91] (0.000) BEGIN; args=None
[08/Nov/2017 22:06:33] DEBUG [django.db.backends.schema:111] CREATE TABLE "django_content_type" ("id" integer NOT NULL PRIMARY KEY AUTOINCREMENT, "name" varchar(100) NOT NULL, "app_label" varchar(100) NOT NULL, "model" varchar(100) NOT NULL); (params None)
[08/Nov/2017 22:06:33] DEBUG [django.db.backends:91] (0.001) CREATE TABLE "django_content_type" ("id" integer NOT NULL PRIMARY KEY AUTOINCREMENT, "name" varchar(100) NOT NULL, "app_label" varchar(100) NOT NULL, "model" varchar(100) NOT NULL); args=None
[08/Nov/2017 22:06:33] DEBUG [django.db.backends.schema:111] CREATE UNIQUE INDEX "django_content_type_app_label_model_76bd3d3b_uniq" ON "django_content_type" ("app_label", "model"); (params ())
[08/Nov/2017 22:06:33] DEBUG [django.db.backends:91] (0.000) CREATE UNIQUE INDEX "django_content_type_app_label_model_76bd3d3b_uniq" ON "django_content_type" ("app_label", "model"); args=()
[08/Nov/2017 22:06:33] DEBUG [django.db.backends:91] (0.000) PRAGMA foreign_keys = 0; args=None
[08/Nov/2017 22:06:33] DEBUG [django.db.backends:91] (0.000) 
            SELECT name, type FROM sqlite_master
            WHERE type in ('table', 'view') AND NOT name='sqlite_sequence'
            ORDER BY name; args=None
[08/Nov/2017 22:06:33] DEBUG [django.db.backends:91] (0.000) BEGIN; args=None
[08/Nov/2017 22:06:33] DEBUG [django.db.backends:91] (0.000) INSERT INTO "django_migrations" ("app", "name", "applied") VALUES ('contenttypes', '0001_initial', '2017-11-08 22:06:33.434252'); args=['contenttypes', u'0001_initial', u'2017-11-08 22:06:33.434252']
[08/Nov/2017 22:06:33] DEBUG [django.db.backends:91] (0.000) PRAGMA foreign_keys; args=None
[08/Nov/2017 22:06:33] DEBUG [django.db.backends:91] (0.000) PRAGMA foreign_keys = 0; args=None
[08/Nov/2017 22:06:33] DEBUG [django.db.backends:91] (0.000) BEGIN; args=None
[08/Nov/2017 22:06:33] DEBUG [django.db.backends.schema:111] CREATE TABLE "auth_permission" ("id" integer NOT NULL PRIMARY KEY AUTOINCREMENT, "name" varchar(50) NOT NULL, "content_type_id" integer NOT NULL REFERENCES "django_content_type" ("id"), "codename" varchar(100) NOT NULL); (params None)
[08/Nov/2017 22:06:33] DEBUG [django.db.backends:91] (0.000) CREATE TABLE "auth_permission" ("id" integer NOT NULL PRIMARY KEY AUTOINCREMENT, "name" varchar(50) NOT NULL, "content_type_id" integer NOT NULL REFERENCES "django_content_type" ("id"), "codename" varchar(100) NOT NULL); args=None
[08/Nov/2017 22:06:33] DEBUG [django.db.backends.schema:111] CREATE TABLE "auth_group" ("id" integer NOT NULL PRIMARY KEY AUTOINCREMENT, "name" varchar(80) NOT NULL UNIQUE); (params None)
[08/Nov/2017 22:06:33] DEBUG [django.db.backends:91] (0.000) CREATE TABLE "auth_group" ("id" integer NOT NULL PRIMARY KEY AUTOINCREMENT, "name" varchar(80) NOT NULL UNIQUE); args=None
[08/Nov/2017 22:06:33] DEBUG [django.db.backends.schema:111] CREATE TABLE "auth_group_permissions" ("id" integer NOT NULL PRIMARY KEY AUTOINCREMENT, "group_id" integer NOT NULL REFERENCES "auth_group" ("id"), "permission_id" integer NOT NULL REFERENCES "auth_permission" ("id")); (params None)
[08/Nov/2017 22:06:33] DEBUG [django.db.backends:91] (0.000) CREATE TABLE "auth_group_permissions" ("id" integer NOT NULL PRIMARY KEY AUTOINCREMENT, "group_id" integer NOT NULL REFERENCES "auth_group" ("id"), "permission_id" integer NOT NULL REFERENCES "auth_permission" ("id")); args=None
[08/Nov/2017 22:06:33] DEBUG [django.db.backends.schema:111] CREATE TABLE "auth_user" ("id" integer NOT NULL PRIMARY KEY AUTOINCREMENT, "password" varchar(128) NOT NULL, "last_login" datetime NOT NULL, "is_superuser" bool NOT NULL, "username" varchar(30) NOT NULL UNIQUE, "first_name" varchar(30) NOT NULL, "last_name" varchar(30) NOT NULL, "email" varchar(75) NOT NULL, "is_staff" bool NOT NULL, "is_active" bool NOT NULL, "date_joined" datetime NOT NULL); (params None)
[08/Nov/2017 22:06:33] DEBUG [django.db.backends:91] (0.000) CREATE TABLE "auth_user" ("id" integer NOT NULL PRIMARY KEY AUTOINCREMENT, "password" varchar(128) NOT NULL, "last_login" datetime NOT NULL, "is_superuser" bool NOT NULL, "username" varchar(30) NOT NULL UNIQUE, "first_name" varchar(30) NOT NULL, "last_name" varchar(30) NOT NULL, "email" varchar(75) NOT NULL, "is_staff" bool NOT NULL, "is_active" bool NOT NULL, "date_joined" datetime NOT NULL); args=None
[08/Nov/2017 22:06:33] DEBUG [django.db.backends.schema:111] CREATE TABLE "auth_user_groups" ("id" integer NOT NULL PRIMARY KEY AUTOINCREMENT, "user_id" integer NOT NULL REFERENCES "auth_user" ("id"), "group_id" integer NOT NULL REFERENCES "auth_group" ("id")); (params None)
[08/Nov/2017 22:06:33] DEBUG [django.db.backends:91] (0.000) CREATE TABLE "auth_user_groups" ("id" integer NOT NULL PRIMARY KEY AUTOINCREMENT, "user_id" integer NOT NULL REFERENCES "auth_user" ("id"), "group_id" integer NOT NULL REFERENCES "auth_group" ("id")); args=None
[08/Nov/2017 22:06:33] DEBUG [django.db.backends.schema:111] CREATE TABLE "auth_user_user_permissions" ("id" integer NOT NULL PRIMARY KEY AUTOINCREMENT, "user_id" integer NOT NULL REFERENCES "auth_user" ("id"), "permission_id" integer NOT NULL REFERENCES "auth_permission" ("id")); (params None)
[08/Nov/2017 22:06:33] DEBUG [django.db.backends:91] (0.000) CREATE TABLE "auth_user_user_permissions" ("id" integer NOT NULL PRIMARY KEY AUTOINCREMENT, "user_id" integer NOT NULL REFERENCES "auth_user" ("id"), "permission_id" integer NOT NULL REFERENCES "auth_permission" ("id")); args=None
[08/Nov/2017 22:06:33] DEBUG [django.db.backends.schema:111] CREATE UNIQUE INDEX "auth_permission_content_type_id_codename_01ab375a_uniq" ON "auth_permission" ("content_type_id", "codename"); (params ())
[08/Nov/2017 22:06:33] DEBUG [django.db.backends:91] (0.000) CREATE UNIQUE INDEX "auth_permission_content_type_id_codename_01ab375a_uniq" ON "auth_permission" ("content_type_id", "codename"); args=()
[08/Nov/2017 22:06:33] DEBUG [django.db.backends.schema:111] CREATE INDEX "auth_permission_content_type_id_2f476e4b" ON "auth_permission" ("content_type_id"); (params ())
[08/Nov/2017 22:06:33] DEBUG [django.db.backends:91] (0.000) CREATE INDEX "auth_permission_content_type_id_2f476e4b" ON "auth_permission" ("content_type_id"); args=()
[08/Nov/2017 22:06:33] DEBUG [django.db.backends.schema:111] CREATE UNIQUE INDEX "auth_group_permissions_group_id_permission_id_0cd325b0_uniq" ON "auth_group_permissions" ("group_id", "permission_id"); (params ())
[08/Nov/2017 22:06:33] DEBUG [django.db.backends:91] (0.000) CREATE UNIQUE INDEX "auth_group_permissions_group_id_permission_id_0cd325b0_uniq" ON "auth_group_permissions" ("group_id", "permission_id"); args=()
[08/Nov/2017 22:06:33] DEBUG [django.db.backends.schema:111] CREATE INDEX "auth_group_permissions_group_id_b120cbf9" ON "auth_group_permissions" ("group_id"); (params ())
[08/Nov/2017 22:06:33] DEBUG [django.db.backends:91] (0.000) CREATE INDEX "auth_group_permissions_group_id_b120cbf9" ON "auth_group_permissions" ("group_id"); args=()
[08/Nov/2017 22:06:33] DEBUG [django.db.backends.schema:111] CREATE INDEX "auth_group_permissions_permission_id_84c5c92e" ON "auth_group_permissions" ("permission_id"); (params ())
[08/Nov/2017 22:06:33] DEBUG [django.db.backends:91] (0.000) CREATE INDEX "auth_group_permissions_permission_id_84c5c92e" ON "auth_group_permissions" ("permission_id"); args=()
[08/Nov/2017 22:06:33] DEBUG [django.db.backends.schema:111] CREATE UNIQUE INDEX "auth_user_groups_user_id_group_id_94350c0c_uniq" ON "auth_user_groups" ("user_id", "group_id"); (params ())
[08/Nov/2017 22:06:33] DEBUG [django.db.backends:91] (0.000) CREATE UNIQUE INDEX "auth_user_groups_user_id_group_id_94350c0c_uniq" ON "auth_user_groups" ("user_id", "group_id"); args=()
[08/Nov/2017 22:06:33] DEBUG [django.db.backends.schema:111] CREATE INDEX "auth_user_groups_user_id_6a12ed8b" ON "auth_user_groups" ("user_id"); (params ())
[08/Nov/2017 22:06:33] DEBUG [django.db.backends:91] (0.000) CREATE INDEX "auth_user_groups_user_id_6a12ed8b" ON "auth_user_groups" ("user_id"); args=()
[08/Nov/2017 22:06:33] DEBUG [django.db.backends.schema:111] CREATE INDEX "auth_user_groups_group_id_97559544" ON "auth_user_groups" ("group_id"); (params ())
[08/Nov/2017 22:06:33] DEBUG [django.db.backends:91] (0.000) CREATE INDEX "auth_user_groups_group_id_97559544" ON "auth_user_groups" ("group_id"); args=()
[08/Nov/2017 22:06:33] DEBUG [django.db.backends.schema:111] CREATE UNIQUE INDEX "auth_user_user_permissions_user_id_permission_id_14a6b632_uniq" ON "auth_user_user_permissions" ("user_id", "permission_id"); (params ())
[08/Nov/2017 22:06:33] DEBUG [django.db.backends:91] (0.000) CREATE UNIQUE INDEX "auth_user_user_permissions_user_id_permission_id_14a6b632_uniq" ON "auth_user_user_permissions" ("user_id", "permission_id"); args=()
[08/Nov/2017 22:06:33] DEBUG [django.db.backends.schema:111] CREATE INDEX "auth_user_user_permissions_user_id_a95ead1b" ON "auth_user_user_permissions" ("user_id"); (params ())
[08/Nov/2017 22:06:33] DEBUG [django.db.backends:91] (0.000) CREATE INDEX "auth_user_user_permissions_user_id_a95ead1b" ON "auth_user_user_permissions" ("user_id"); args=()
[08/Nov/2017 22:06:33] DEBUG [django.db.backends.schema:111] CREATE INDEX "auth_user_user_permissions_permission_id_1fbb5f2c" ON "auth_user_user_permissions" ("permission_id"); (params ())
[08/Nov/2017 22:06:33] DEBUG [django.db.backends:91] (0.000) CREATE INDEX "auth_user_user_permissions_permission_id_1fbb5f2c" ON "auth_user_user_permissions" ("permission_id"); args=()
[08/Nov/2017 22:06:33] DEBUG [django.db.backends:91] (0.000) PRAGMA foreign_keys = 0; args=None
[08/Nov/2017 22:06:33] DEBUG [django.db.backends:91] (0.000) 
            SELECT name, type FROM sqlite_master
            WHERE type in ('table', 'view') AND NOT name='sqlite_sequence'
            ORDER BY name; args=None
[08/Nov/2017 22:06:33] DEBUG [django.db.backends:91] (0.000) BEGIN; args=None
[08/Nov/2017 22:06:33] DEBUG [django.db.backends:91] (0.000) INSERT INTO "django_migrations" ("app", "name", "applied") VALUES ('auth', '0001_initial', '2017-11-08 22:06:33.458497'); args=['auth', u'0001_initial', u'2017-11-08 22:06:33.458497']
[08/Nov/2017 22:06:33] DEBUG [django.db.backends:91] (0.000) PRAGMA foreign_keys; args=None
[08/Nov/2017 22:06:33] DEBUG [django.db.backends:91] (0.000) PRAGMA foreign_keys = 0; args=None
[08/Nov/2017 22:06:33] DEBUG [django.db.backends:91] (0.000) BEGIN; args=None
[08/Nov/2017 22:06:33] DEBUG [django.db.backends.schema:111] CREATE TABLE "django_admin_log" ("id" integer NOT NULL PRIMARY KEY AUTOINCREMENT, "action_time" datetime NOT NULL, "object_id" text NULL, "object_repr" varchar(200) NOT NULL, "action_flag" smallint unsigned NOT NULL, "change_message" text NOT NULL, "content_type_id" integer NULL REFERENCES "django_content_type" ("id"), "user_id" integer NOT NULL REFERENCES "auth_user" ("id")); (params None)
[08/Nov/2017 22:06:33] DEBUG [django.db.backends:91] (0.001) CREATE TABLE "django_admin_log" ("id" integer NOT NULL PRIMARY KEY AUTOINCREMENT, "action_time" datetime NOT NULL, "object_id" text NULL, "object_repr" varchar(200) NOT NULL, "action_flag" smallint unsigned NOT NULL, "change_message" text NOT NULL, "content_type_id" integer NULL REFERENCES "django_content_type" ("id"), "user_id" integer NOT NULL REFERENCES "auth_user" ("id")); args=None
[08/Nov/2017 22:06:33] DEBUG [django.db.backends.schema:111] CREATE INDEX "django_admin_log_content_type_id_c4bce8eb" ON "django_admin_log" ("content_type_id"); (params ())
[08/Nov/2017 22:06:33] DEBUG [django.db.backends:91] (0.000) CREATE INDEX "django_admin_log_content_type_id_c4bce8eb" ON "django_admin_log" ("content_type_id"); args=()
[08/Nov/2017 22:06:33] DEBUG [django.db.backends.schema:111] CREATE INDEX "django_admin_log_user_id_c564eba6" ON "django_admin_log" ("user_id"); (params ())
[08/Nov/2017 22:06:33] DEBUG [django.db.backends:91] (0.000) CREATE INDEX "django_admin_log_user_id_c564eba6" ON "django_admin_log" ("user_id"); args=()
[08/Nov/2017 22:06:33] DEBUG [django.db.backends:91] (0.000) PRAGMA foreign_keys = 0; args=None
[08/Nov/2017 22:06:33] DEBUG [django.db.backends:91] (0.000) 
            SELECT name, type FROM sqlite_master
            WHERE type in ('table', 'view') AND NOT name='sqlite_sequence'
            ORDER BY name; args=None
[08/Nov/2017 22:06:33] DEBUG [django.db.backends:91] (0.000) BEGIN; args=None
[08/Nov/2017 22:06:33] DEBUG [django.db.backends:91] (0.000) INSERT INTO "django_migrations" ("app", "name", "applied") VALUES ('admin', '0001_initial', '2017-11-08 22:06:33.476024'); args=['admin', u'0001_initial', u'2017-11-08 22:06:33.476024']
[08/Nov/2017 22:06:33] DEBUG [django.db.backends:91] (0.000) PRAGMA foreign_keys; args=None
[08/Nov/2017 22:06:33] DEBUG [django.db.backends:91] (0.000) PRAGMA foreign_keys = 0; args=None
[08/Nov/2017 22:06:33] DEBUG [django.db.backends:91] (0.000) BEGIN; args=None
[08/Nov/2017 22:06:33] DEBUG [django.db.backends.schema:111] ALTER TABLE "django_admin_log" RENAME TO "django_admin_log__old"; (params ())
[08/Nov/2017 22:06:33] DEBUG [django.db.backends:91] (0.000) ALTER TABLE "django_admin_log" RENAME TO "django_admin_log__old"; args=()
[08/Nov/2017 22:06:33] DEBUG [django.db.backends.schema:111] CREATE TABLE "django_admin_log" ("id" integer NOT NULL PRIMARY KEY AUTOINCREMENT, "object_id" text NULL, "object_repr" varchar(200) NOT NULL, "action_flag" smallint unsigned NOT NULL, "change_message" text NOT NULL, "content_type_id" integer NULL REFERENCES "django_content_type" ("id"), "user_id" integer NOT NULL REFERENCES "auth_user" ("id"), "action_time" datetime NOT NULL); (params None)
[08/Nov/2017 22:06:33] DEBUG [django.db.backends:91] (0.000) CREATE TABLE "django_admin_log" ("id" integer NOT NULL PRIMARY KEY AUTOINCREMENT, "object_id" text NULL, "object_repr" varchar(200) NOT NULL, "action_flag" smallint unsigned NOT NULL, "change_message" text NOT NULL, "content_type_id" integer NULL REFERENCES "django_content_type" ("id"), "user_id" integer NOT NULL REFERENCES "auth_user" ("id"), "action_time" datetime NOT NULL); args=None
[08/Nov/2017 22:06:33] DEBUG [django.db.backends.schema:111] INSERT INTO "django_admin_log" ("action_flag", "action_time", "user_id", "content_type_id", "object_repr", "object_id", "change_message", "id") SELECT "action_flag", "action_time", "user_id", "content_type_id", "object_repr", "object_id", "change_message", "id" FROM "django_admin_log__old"; (params ())
[08/Nov/2017 22:06:33] DEBUG [django.db.backends:91] (0.000) INSERT INTO "django_admin_log" ("action_flag", "action_time", "user_id", "content_type_id", "object_repr", "object_id", "change_message", "id") SELECT "action_flag", "action_time", "user_id", "content_type_id", "object_repr", "object_id", "change_message", "id" FROM "django_admin_log__old"; args=()
[08/Nov/2017 22:06:33] DEBUG [django.db.backends.schema:111] DROP TABLE "django_admin_log__old"; (params ())
[08/Nov/2017 22:06:33] DEBUG [django.db.backends:91] (0.000) DROP TABLE "django_admin_log__old"; args=()
[08/Nov/2017 22:06:33] DEBUG [django.db.backends.schema:111] CREATE INDEX "django_admin_log_content_type_id_c4bce8eb" ON "django_admin_log" ("content_type_id"); (params ())
[08/Nov/2017 22:06:33] DEBUG [django.db.backends:91] (0.000) CREATE INDEX "django_admin_log_content_type_id_c4bce8eb" ON "django_admin_log" ("content_type_id"); args=()
[08/Nov/2017 22:06:33] DEBUG [django.db.backends.schema:111] CREATE INDEX "django_admin_log_user_id_c564eba6" ON "django_admin_log" ("user_id"); (params ())
[08/Nov/2017 22:06:33] DEBUG [django.db.backends:91] (0.000) CREATE INDEX "django_admin_log_user_id_c564eba6" ON "django_admin_log" ("user_id"); args=()
[08/Nov/2017 22:06:33] DEBUG [django.db.backends:91] (0.000) PRAGMA foreign_keys = 0; args=None
[08/Nov/2017 22:06:33] DEBUG [django.db.backends:91] (0.000) 
            SELECT name, type FROM sqlite_master
            WHERE type in ('table', 'view') AND NOT name='sqlite_sequence'
            ORDER BY name; args=None
[08/Nov/2017 22:06:33] DEBUG [django.db.backends:91] (0.000) BEGIN; args=None
[08/Nov/2017 22:06:33] DEBUG [django.db.backends:91] (0.000) INSERT INTO "django_migrations" ("app", "name", "applied") VALUES ('admin', '0002_logentry_remove_auto_add', '2017-11-08 22:06:33.491014'); args=['admin', u'0002_logentry_remove_auto_add', u'2017-11-08 22:06:33.491014']
[08/Nov/2017 22:06:33] DEBUG [django.db.backends:91] (0.000) PRAGMA foreign_keys; args=None
[08/Nov/2017 22:06:33] DEBUG [django.db.backends:91] (0.000) PRAGMA foreign_keys = 0; args=None
[08/Nov/2017 22:06:33] DEBUG [django.db.backends:91] (0.000) BEGIN; args=None
[08/Nov/2017 22:06:33] DEBUG [django.db.backends.schema:111] ALTER TABLE "django_content_type" RENAME TO "django_content_type__old"; (params ())
[08/Nov/2017 22:06:33] DEBUG [django.db.backends:91] (0.000) ALTER TABLE "django_content_type" RENAME TO "django_content_type__old"; args=()
[08/Nov/2017 22:06:33] DEBUG [django.db.backends.schema:111] CREATE TABLE "django_content_type" ("id" integer NOT NULL PRIMARY KEY AUTOINCREMENT, "app_label" varchar(100) NOT NULL, "model" varchar(100) NOT NULL, "name" varchar(100) NULL); (params None)
[08/Nov/2017 22:06:33] DEBUG [django.db.backends:91] (0.000) CREATE TABLE "django_content_type" ("id" integer NOT NULL PRIMARY KEY AUTOINCREMENT, "app_label" varchar(100) NOT NULL, "model" varchar(100) NOT NULL, "name" varchar(100) NULL); args=None
[08/Nov/2017 22:06:33] DEBUG [django.db.backends.schema:111] INSERT INTO "django_content_type" ("model", "app_label", "id", "name") SELECT "model", "app_label", "id", "name" FROM "django_content_type__old"; (params ())
[08/Nov/2017 22:06:33] DEBUG [django.db.backends:91] (0.000) INSERT INTO "django_content_type" ("model", "app_label", "id", "name") SELECT "model", "app_label", "id", "name" FROM "django_content_type__old"; args=()
[08/Nov/2017 22:06:33] DEBUG [django.db.backends.schema:111] DROP TABLE "django_content_type__old"; (params ())
[08/Nov/2017 22:06:33] DEBUG [django.db.backends:91] (0.000) DROP TABLE "django_content_type__old"; args=()
[08/Nov/2017 22:06:33] DEBUG [django.db.backends.schema:111] CREATE UNIQUE INDEX "django_content_type_app_label_model_76bd3d3b_uniq" ON "django_content_type" ("app_label", "model"); (params ())
[08/Nov/2017 22:06:33] DEBUG [django.db.backends:91] (0.000) CREATE UNIQUE INDEX "django_content_type_app_label_model_76bd3d3b_uniq" ON "django_content_type" ("app_label", "model"); args=()
[08/Nov/2017 22:06:33] DEBUG [django.db.backends.schema:111] ALTER TABLE "django_content_type" RENAME TO "django_content_type__old"; (params ())
[08/Nov/2017 22:06:33] DEBUG [django.db.backends:91] (0.000) ALTER TABLE "django_content_type" RENAME TO "django_content_type__old"; args=()
[08/Nov/2017 22:06:33] DEBUG [django.db.backends.schema:111] CREATE TABLE "django_content_type" ("id" integer NOT NULL PRIMARY KEY AUTOINCREMENT, "app_label" varchar(100) NOT NULL, "model" varchar(100) NOT NULL); (params None)
[08/Nov/2017 22:06:33] DEBUG [django.db.backends:91] (0.000) CREATE TABLE "django_content_type" ("id" integer NOT NULL PRIMARY KEY AUTOINCREMENT, "app_label" varchar(100) NOT NULL, "model" varchar(100) NOT NULL); args=None
[08/Nov/2017 22:06:33] DEBUG [django.db.backends.schema:111] INSERT INTO "django_content_type" ("model", "app_label", "id") SELECT "model", "app_label", "id" FROM "django_content_type__old"; (params ())
[08/Nov/2017 22:06:33] DEBUG [django.db.backends:91] (0.000) INSERT INTO "django_content_type" ("model", "app_label", "id") SELECT "model", "app_label", "id" FROM "django_content_type__old"; args=()
[08/Nov/2017 22:06:33] DEBUG [django.db.backends.schema:111] DROP TABLE "django_content_type__old"; (params ())
[08/Nov/2017 22:06:33] DEBUG [django.db.backends:91] (0.000) DROP TABLE "django_content_type__old"; args=()
[08/Nov/2017 22:06:33] DEBUG [django.db.backends.schema:111] CREATE UNIQUE INDEX "django_content_type_app_label_model_76bd3d3b_uniq" ON "django_content_type" ("app_label", "model"); (params ())
[08/Nov/2017 22:06:33] DEBUG [django.db.backends:91] (0.000) CREATE UNIQUE INDEX "django_content_type_app_label_model_76bd3d3b_uniq" ON "django_content_type" ("app_label", "model"); args=()
[08/Nov/2017 22:06:33] DEBUG [django.db.backends:91] (0.000) PRAGMA foreign_keys = 0; args=None
[08/Nov/2017 22:06:33] DEBUG [django.db.backends:91] (0.000) 
            SELECT name, type FROM sqlite_master
            WHERE type in ('table', 'view') AND NOT name='sqlite_sequence'
            ORDER BY name; args=None
[08/Nov/2017 22:06:33] DEBUG [django.db.backends:91] (0.000) BEGIN; args=None
[08/Nov/2017 22:06:33] DEBUG [django.db.backends:91] (0.000) INSERT INTO "django_migrations" ("app", "name", "applied") VALUES ('contenttypes', '0002_remove_content_type_name', '2017-11-08 22:06:33.519647'); args=['contenttypes', u'0002_remove_content_type_name', u'2017-11-08 22:06:33.519647']
[08/Nov/2017 22:06:33] DEBUG [django.db.backends:91] (0.000) PRAGMA foreign_keys; args=None
[08/Nov/2017 22:06:33] DEBUG [django.db.backends:91] (0.000) PRAGMA foreign_keys = 0; args=None
[08/Nov/2017 22:06:33] DEBUG [django.db.backends:91] (0.000) BEGIN; args=None
[08/Nov/2017 22:06:33] DEBUG [django.db.backends.schema:111] ALTER TABLE "auth_permission" RENAME TO "auth_permission__old"; (params ())
[08/Nov/2017 22:06:33] DEBUG [django.db.backends:91] (0.000) ALTER TABLE "auth_permission" RENAME TO "auth_permission__old"; args=()
[08/Nov/2017 22:06:33] DEBUG [django.db.backends.schema:111] CREATE TABLE "auth_permission" ("id" integer NOT NULL PRIMARY KEY AUTOINCREMENT, "content_type_id" integer NOT NULL REFERENCES "django_content_type" ("id"), "codename" varchar(100) NOT NULL, "name" varchar(255) NOT NULL); (params None)
[08/Nov/2017 22:06:33] DEBUG [django.db.backends:91] (0.000) CREATE TABLE "auth_permission" ("id" integer NOT NULL PRIMARY KEY AUTOINCREMENT, "content_type_id" integer NOT NULL REFERENCES "django_content_type" ("id"), "codename" varchar(100) NOT NULL, "name" varchar(255) NOT NULL); args=None
[08/Nov/2017 22:06:33] DEBUG [django.db.backends.schema:111] INSERT INTO "auth_permission" ("content_type_id", "codename", "id", "name") SELECT "content_type_id", "codename", "id", "name" FROM "auth_permission__old"; (params ())
[08/Nov/2017 22:06:33] DEBUG [django.db.backends:91] (0.000) INSERT INTO "auth_permission" ("content_type_id", "codename", "id", "name") SELECT "content_type_id", "codename", "id", "name" FROM "auth_permission__old"; args=()
[08/Nov/2017 22:06:33] DEBUG [django.db.backends.schema:111] DROP TABLE "auth_permission__old"; (params ())
[08/Nov/2017 22:06:33] DEBUG [django.db.backends:91] (0.000) DROP TABLE "auth_permission__old"; args=()
[08/Nov/2017 22:06:33] DEBUG [django.db.backends.schema:111] CREATE UNIQUE INDEX "auth_permission_content_type_id_codename_01ab375a_uniq" ON "auth_permission" ("content_type_id", "codename"); (params ())
[08/Nov/2017 22:06:33] DEBUG [django.db.backends:91] (0.000) CREATE UNIQUE INDEX "auth_permission_content_type_id_codename_01ab375a_uniq" ON "auth_permission" ("content_type_id", "codename"); args=()
[08/Nov/2017 22:06:33] DEBUG [django.db.backends.schema:111] CREATE INDEX "auth_permission_content_type_id_2f476e4b" ON "auth_permission" ("content_type_id"); (params ())
[08/Nov/2017 22:06:33] DEBUG [django.db.backends:91] (0.000) CREATE INDEX "auth_permission_content_type_id_2f476e4b" ON "auth_permission" ("content_type_id"); args=()
[08/Nov/2017 22:06:33] DEBUG [django.db.backends:91] (0.000) PRAGMA foreign_keys = 0; args=None
[08/Nov/2017 22:06:33] DEBUG [django.db.backends:91] (0.000) 
            SELECT name, type FROM sqlite_master
            WHERE type in ('table', 'view') AND NOT name='sqlite_sequence'
            ORDER BY name; args=None
[08/Nov/2017 22:06:33] DEBUG [django.db.backends:91] (0.000) BEGIN; args=None
[08/Nov/2017 22:06:33] DEBUG [django.db.backends:91] (0.000) INSERT INTO "django_migrations" ("app", "name", "applied") VALUES ('auth', '0002_alter_permission_name_max_length', '2017-11-08 22:06:33.528799'); args=['auth', u'0002_alter_permission_name_max_length', u'2017-11-08 22:06:33.528799']
[08/Nov/2017 22:06:33] DEBUG [django.db.backends:91] (0.000) PRAGMA foreign_keys; args=None
[08/Nov/2017 22:06:33] DEBUG [django.db.backends:91] (0.000) PRAGMA foreign_keys = 0; args=None
[08/Nov/2017 22:06:33] DEBUG [django.db.backends:91] (0.000) BEGIN; args=None
[08/Nov/2017 22:06:33] DEBUG [django.db.backends.schema:111] ALTER TABLE "auth_user" RENAME TO "auth_user__old"; (params ())
[08/Nov/2017 22:06:33] DEBUG [django.db.backends:91] (0.000) ALTER TABLE "auth_user" RENAME TO "auth_user__old"; args=()
[08/Nov/2017 22:06:33] DEBUG [django.db.backends.schema:111] CREATE TABLE "auth_user" ("id" integer NOT NULL PRIMARY KEY AUTOINCREMENT, "password" varchar(128) NOT NULL, "last_login" datetime NOT NULL, "is_superuser" bool NOT NULL, "username" varchar(30) NOT NULL UNIQUE, "first_name" varchar(30) NOT NULL, "last_name" varchar(30) NOT NULL, "is_staff" bool NOT NULL, "is_active" bool NOT NULL, "date_joined" datetime NOT NULL, "email" varchar(254) NOT NULL); (params None)
[08/Nov/2017 22:06:33] DEBUG [django.db.backends:91] (0.000) CREATE TABLE "auth_user" ("id" integer NOT NULL PRIMARY KEY AUTOINCREMENT, "password" varchar(128) NOT NULL, "last_login" datetime NOT NULL, "is_superuser" bool NOT NULL, "username" varchar(30) NOT NULL UNIQUE, "first_name" varchar(30) NOT NULL, "last_name" varchar(30) NOT NULL, "is_staff" bool NOT NULL, "is_active" bool NOT NULL, "date_joined" datetime NOT NULL, "email" varchar(254) NOT NULL); args=None
[08/Nov/2017 22:06:33] DEBUG [django.db.backends.schema:111] INSERT INTO "auth_user" ("username", "first_name", "last_name", "is_active", "email", "is_superuser", "is_staff", "last_login", "password", "id", "date_joined") SELECT "username", "first_name", "last_name", "is_active", "email", "is_superuser", "is_staff", "last_login", "password", "id", "date_joined" FROM "auth_user__old"; (params ())
[08/Nov/2017 22:06:33] DEBUG [django.db.backends:91] (0.000) INSERT INTO "auth_user" ("username", "first_name", "last_name", "is_active", "email", "is_superuser", "is_staff", "last_login", "password", "id", "date_joined") SELECT "username", "first_name", "last_name", "is_active", "email", "is_superuser", "is_staff", "last_login", "password", "id", "date_joined" FROM "auth_user__old"; args=()
[08/Nov/2017 22:06:33] DEBUG [django.db.backends.schema:111] DROP TABLE "auth_user__old"; (params ())
[08/Nov/2017 22:06:33] DEBUG [django.db.backends:91] (0.000) DROP TABLE "auth_user__old"; args=()
[08/Nov/2017 22:06:33] DEBUG [django.db.backends:91] (0.000) PRAGMA foreign_keys = 0; args=None
[08/Nov/2017 22:06:33] DEBUG [django.db.backends:91] (0.000) 
            SELECT name, type FROM sqlite_master
            WHERE type in ('table', 'view') AND NOT name='sqlite_sequence'
            ORDER BY name; args=None
[08/Nov/2017 22:06:33] DEBUG [django.db.backends:91] (0.000) BEGIN; args=None
[08/Nov/2017 22:06:33] DEBUG [django.db.backends:91] (0.000) INSERT INTO "django_migrations" ("app", "name", "applied") VALUES ('auth', '0003_alter_user_email_max_length', '2017-11-08 22:06:33.542850'); args=['auth', u'0003_alter_user_email_max_length', u'2017-11-08 22:06:33.542850']
[08/Nov/2017 22:06:33] DEBUG [django.db.backends:91] (0.000) PRAGMA foreign_keys; args=None
[08/Nov/2017 22:06:33] DEBUG [django.db.backends:91] (0.000) PRAGMA foreign_keys = 0; args=None
[08/Nov/2017 22:06:33] DEBUG [django.db.backends:91] (0.000) BEGIN; args=None
[08/Nov/2017 22:06:33] DEBUG [django.db.backends.schema:111] ALTER TABLE "auth_user" RENAME TO "auth_user__old"; (params ())
[08/Nov/2017 22:06:33] DEBUG [django.db.backends:91] (0.000) ALTER TABLE "auth_user" RENAME TO "auth_user__old"; args=()
[08/Nov/2017 22:06:33] DEBUG [django.db.backends.schema:111] CREATE TABLE "auth_user" ("id" integer NOT NULL PRIMARY KEY AUTOINCREMENT, "password" varchar(128) NOT NULL, "last_login" datetime NOT NULL, "is_superuser" bool NOT NULL, "first_name" varchar(30) NOT NULL, "last_name" varchar(30) NOT NULL, "email" varchar(254) NOT NULL, "is_staff" bool NOT NULL, "is_active" bool NOT NULL, "date_joined" datetime NOT NULL, "username" varchar(30) NOT NULL UNIQUE); (params None)
[08/Nov/2017 22:06:33] DEBUG [django.db.backends:91] (0.000) CREATE TABLE "auth_user" ("id" integer NOT NULL PRIMARY KEY AUTOINCREMENT, "password" varchar(128) NOT NULL, "last_login" datetime NOT NULL, "is_superuser" bool NOT NULL, "first_name" varchar(30) NOT NULL, "last_name" varchar(30) NOT NULL, "email" varchar(254) NOT NULL, "is_staff" bool NOT NULL, "is_active" bool NOT NULL, "date_joined" datetime NOT NULL, "username" varchar(30) NOT NULL UNIQUE); args=None
[08/Nov/2017 22:06:33] DEBUG [django.db.backends.schema:111] INSERT INTO "auth_user" ("username", "first_name", "last_name", "is_active", "email", "is_superuser", "is_staff", "last_login", "password", "id", "date_joined") SELECT "username", "first_name", "last_name", "is_active", "email", "is_superuser", "is_staff", "last_login", "password", "id", "date_joined" FROM "auth_user__old"; (params ())
[08/Nov/2017 22:06:33] DEBUG [django.db.backends:91] (0.000) INSERT INTO "auth_user" ("username", "first_name", "last_name", "is_active", "email", "is_superuser", "is_staff", "last_login", "password", "id", "date_joined") SELECT "username", "first_name", "last_name", "is_active", "email", "is_superuser", "is_staff", "last_login", "password", "id", "date_joined" FROM "auth_user__old"; args=()
[08/Nov/2017 22:06:33] DEBUG [django.db.backends.schema:111] DROP TABLE "auth_user__old"; (params ())
[08/Nov/2017 22:06:33] DEBUG [django.db.backends:91] (0.000) DROP TABLE "auth_user__old"; args=()
[08/Nov/2017 22:06:33] DEBUG [django.db.backends:91] (0.000) PRAGMA foreign_keys = 0; args=None
[08/Nov/2017 22:06:33] DEBUG [django.db.backends:91] (0.000) 
            SELECT name, type FROM sqlite_master
            WHERE type in ('table', 'view') AND NOT name='sqlite_sequence'
            ORDER BY name; args=None
[08/Nov/2017 22:06:33] DEBUG [django.db.backends:91] (0.000) BEGIN; args=None
[08/Nov/2017 22:06:33] DEBUG [django.db.backends:91] (0.000) INSERT INTO "django_migrations" ("app", "name", "applied") VALUES ('auth', '0004_alter_user_username_opts', '2017-11-08 22:06:33.555023'); args=['auth', u'0004_alter_user_username_opts', u'2017-11-08 22:06:33.555023']
[08/Nov/2017 22:06:33] DEBUG [django.db.backends:91] (0.000) PRAGMA foreign_keys; args=None
[08/Nov/2017 22:06:33] DEBUG [django.db.backends:91] (0.000) PRAGMA foreign_keys = 0; args=None
[08/Nov/2017 22:06:33] DEBUG [django.db.backends:91] (0.000) BEGIN; args=None
[08/Nov/2017 22:06:33] DEBUG [django.db.backends.schema:111] ALTER TABLE "auth_user" RENAME TO "auth_user__old"; (params ())
[08/Nov/2017 22:06:33] DEBUG [django.db.backends:91] (0.000) ALTER TABLE "auth_user" RENAME TO "auth_user__old"; args=()
[08/Nov/2017 22:06:33] DEBUG [django.db.backends.schema:111] CREATE TABLE "auth_user" ("id" integer NOT NULL PRIMARY KEY AUTOINCREMENT, "password" varchar(128) NOT NULL, "is_superuser" bool NOT NULL, "username" varchar(30) NOT NULL UNIQUE, "first_name" varchar(30) NOT NULL, "last_name" varchar(30) NOT NULL, "email" varchar(254) NOT NULL, "is_staff" bool NOT NULL, "is_active" bool NOT NULL, "date_joined" datetime NOT NULL, "last_login" datetime NULL); (params None)
[08/Nov/2017 22:06:33] DEBUG [django.db.backends:91] (0.000) CREATE TABLE "auth_user" ("id" integer NOT NULL PRIMARY KEY AUTOINCREMENT, "password" varchar(128) NOT NULL, "is_superuser" bool NOT NULL, "username" varchar(30) NOT NULL UNIQUE, "first_name" varchar(30) NOT NULL, "last_name" varchar(30) NOT NULL, "email" varchar(254) NOT NULL, "is_staff" bool NOT NULL, "is_active" bool NOT NULL, "date_joined" datetime NOT NULL, "last_login" datetime NULL); args=None
[08/Nov/2017 22:06:33] DEBUG [django.db.backends.schema:111] INSERT INTO "auth_user" ("username", "first_name", "last_name", "is_active", "email", "is_superuser", "is_staff", "last_login", "password", "id", "date_joined") SELECT "username", "first_name", "last_name", "is_active", "email", "is_superuser", "is_staff", "last_login", "password", "id", "date_joined" FROM "auth_user__old"; (params ())
[08/Nov/2017 22:06:33] DEBUG [django.db.backends:91] (0.000) INSERT INTO "auth_user" ("username", "first_name", "last_name", "is_active", "email", "is_superuser", "is_staff", "last_login", "password", "id", "date_joined") SELECT "username", "first_name", "last_name", "is_active", "email", "is_superuser", "is_staff", "last_login", "password", "id", "date_joined" FROM "auth_user__old"; args=()
[08/Nov/2017 22:06:33] DEBUG [django.db.backends.schema:111] DROP TABLE "auth_user__old"; (params ())
[08/Nov/2017 22:06:33] DEBUG [django.db.backends:91] (0.000) DROP TABLE "auth_user__old"; args=()
[08/Nov/2017 22:06:33] DEBUG [django.db.backends:91] (0.000) PRAGMA foreign_keys = 0; args=None
[08/Nov/2017 22:06:33] DEBUG [django.db.backends:91] (0.000) 
            SELECT name, type FROM sqlite_master
            WHERE type in ('table', 'view') AND NOT name='sqlite_sequence'
            ORDER BY name; args=None
[08/Nov/2017 22:06:33] DEBUG [django.db.backends:91] (0.000) BEGIN; args=None
[08/Nov/2017 22:06:33] DEBUG [django.db.backends:91] (0.000) INSERT INTO "django_migrations" ("app", "name", "applied") VALUES ('auth', '0005_alter_user_last_login_null', '2017-11-08 22:06:33.569392'); args=['auth', u'0005_alter_user_last_login_null', u'2017-11-08 22:06:33.569392']
[08/Nov/2017 22:06:33] DEBUG [django.db.backends:91] (0.000) PRAGMA foreign_keys; args=None
[08/Nov/2017 22:06:33] DEBUG [django.db.backends:91] (0.000) PRAGMA foreign_keys = 0; args=None
[08/Nov/2017 22:06:33] DEBUG [django.db.backends:91] (0.000) BEGIN; args=None
[08/Nov/2017 22:06:33] DEBUG [django.db.backends:91] (0.000) PRAGMA foreign_keys = 0; args=None
[08/Nov/2017 22:06:33] DEBUG [django.db.backends:91] (0.000) 
            SELECT name, type FROM sqlite_master
            WHERE type in ('table', 'view') AND NOT name='sqlite_sequence'
            ORDER BY name; args=None
[08/Nov/2017 22:06:33] DEBUG [django.db.backends:91] (0.000) BEGIN; args=None
[08/Nov/2017 22:06:33] DEBUG [django.db.backends:91] (0.000) INSERT INTO "django_migrations" ("app", "name", "applied") VALUES ('auth', '0006_require_contenttypes_0002', '2017-11-08 22:06:33.571413'); args=['auth', u'0006_require_contenttypes_0002', u'2017-11-08 22:06:33.571413']
[08/Nov/2017 22:06:33] DEBUG [django.db.backends:91] (0.000) PRAGMA foreign_keys; args=None
[08/Nov/2017 22:06:33] DEBUG [django.db.backends:91] (0.000) PRAGMA foreign_keys = 0; args=None
[08/Nov/2017 22:06:33] DEBUG [django.db.backends:91] (0.000) BEGIN; args=None
[08/Nov/2017 22:06:33] DEBUG [django.db.backends.schema:111] ALTER TABLE "auth_user" RENAME TO "auth_user__old"; (params ())
[08/Nov/2017 22:06:33] DEBUG [django.db.backends:91] (0.000) ALTER TABLE "auth_user" RENAME TO "auth_user__old"; args=()
[08/Nov/2017 22:06:33] DEBUG [django.db.backends.schema:111] CREATE TABLE "auth_user" ("id" integer NOT NULL PRIMARY KEY AUTOINCREMENT, "password" varchar(128) NOT NULL, "last_login" datetime NULL, "is_superuser" bool NOT NULL, "first_name" varchar(30) NOT NULL, "last_name" varchar(30) NOT NULL, "email" varchar(254) NOT NULL, "is_staff" bool NOT NULL, "is_active" bool NOT NULL, "date_joined" datetime NOT NULL, "username" varchar(30) NOT NULL UNIQUE); (params None)
[08/Nov/2017 22:06:33] DEBUG [django.db.backends:91] (0.000) CREATE TABLE "auth_user" ("id" integer NOT NULL PRIMARY KEY AUTOINCREMENT, "password" varchar(128) NOT NULL, "last_login" datetime NULL, "is_superuser" bool NOT NULL, "first_name" varchar(30) NOT NULL, "last_name" varchar(30) NOT NULL, "email" varchar(254) NOT NULL, "is_staff" bool NOT NULL, "is_active" bool NOT NULL, "date_joined" datetime NOT NULL, "username" varchar(30) NOT NULL UNIQUE); args=None
[08/Nov/2017 22:06:33] DEBUG [django.db.backends.schema:111] INSERT INTO "auth_user" ("username", "first_name", "last_name", "is_active", "email", "is_superuser", "is_staff", "last_login", "password", "id", "date_joined") SELECT "username", "first_name", "last_name", "is_active", "email", "is_superuser", "is_staff", "last_login", "password", "id", "date_joined" FROM "auth_user__old"; (params ())
[08/Nov/2017 22:06:33] DEBUG [django.db.backends:91] (0.000) INSERT INTO "auth_user" ("username", "first_name", "last_name", "is_active", "email", "is_superuser", "is_staff", "last_login", "password", "id", "date_joined") SELECT "username", "first_name", "last_name", "is_active", "email", "is_superuser", "is_staff", "last_login", "password", "id", "date_joined" FROM "auth_user__old"; args=()
[08/Nov/2017 22:06:33] DEBUG [django.db.backends.schema:111] DROP TABLE "auth_user__old"; (params ())
[08/Nov/2017 22:06:33] DEBUG [django.db.backends:91] (0.000) DROP TABLE "auth_user__old"; args=()
[08/Nov/2017 22:06:33] DEBUG [django.db.backends:91] (0.000) PRAGMA foreign_keys = 0; args=None
[08/Nov/2017 22:06:33] DEBUG [django.db.backends:91] (0.000) 
            SELECT name, type FROM sqlite_master
            WHERE type in ('table', 'view') AND NOT name='sqlite_sequence'
            ORDER BY name; args=None
[08/Nov/2017 22:06:33] DEBUG [django.db.backends:91] (0.000) BEGIN; args=None
[08/Nov/2017 22:06:33] DEBUG [django.db.backends:91] (0.000) INSERT INTO "django_migrations" ("app", "name", "applied") VALUES ('auth', '0007_alter_validators_add_error_messages', '2017-11-08 22:06:33.585210'); args=['auth', u'0007_alter_validators_add_error_messages', u'2017-11-08 22:06:33.585210']
[08/Nov/2017 22:06:33] DEBUG [django.db.backends:91] (0.000) PRAGMA foreign_keys; args=None
[08/Nov/2017 22:06:33] DEBUG [django.db.backends:91] (0.000) PRAGMA foreign_keys = 0; args=None
[08/Nov/2017 22:06:33] DEBUG [django.db.backends:91] (0.000) BEGIN; args=None
[08/Nov/2017 22:06:33] DEBUG [django.db.backends.schema:111] ALTER TABLE "auth_user" RENAME TO "auth_user__old"; (params ())
[08/Nov/2017 22:06:33] DEBUG [django.db.backends:91] (0.000) ALTER TABLE "auth_user" RENAME TO "auth_user__old"; args=()
[08/Nov/2017 22:06:33] DEBUG [django.db.backends.schema:111] CREATE TABLE "auth_user" ("id" integer NOT NULL PRIMARY KEY AUTOINCREMENT, "password" varchar(128) NOT NULL, "last_login" datetime NULL, "is_superuser" bool NOT NULL, "first_name" varchar(30) NOT NULL, "last_name" varchar(30) NOT NULL, "email" varchar(254) NOT NULL, "is_staff" bool NOT NULL, "is_active" bool NOT NULL, "date_joined" datetime NOT NULL, "username" varchar(150) NOT NULL UNIQUE); (params None)
[08/Nov/2017 22:06:33] DEBUG [django.db.backends:91] (0.000) CREATE TABLE "auth_user" ("id" integer NOT NULL PRIMARY KEY AUTOINCREMENT, "password" varchar(128) NOT NULL, "last_login" datetime NULL, "is_superuser" bool NOT NULL, "first_name" varchar(30) NOT NULL, "last_name" varchar(30) NOT NULL, "email" varchar(254) NOT NULL, "is_staff" bool NOT NULL, "is_active" bool NOT NULL, "date_joined" datetime NOT NULL, "username" varchar(150) NOT NULL UNIQUE); args=None
[08/Nov/2017 22:06:33] DEBUG [django.db.backends.schema:111] INSERT INTO "auth_user" ("username", "first_name", "last_name", "is_active", "email", "is_superuser", "is_staff", "last_login", "password", "id", "date_joined") SELECT "username", "first_name", "last_name", "is_active", "email", "is_superuser", "is_staff", "last_login", "password", "id", "date_joined" FROM "auth_user__old"; (params ())
[08/Nov/2017 22:06:33] DEBUG [django.db.backends:91] (0.000) INSERT INTO "auth_user" ("username", "first_name", "last_name", "is_active", "email", "is_superuser", "is_staff", "last_login", "password", "id", "date_joined") SELECT "username", "first_name", "last_name", "is_active", "email", "is_superuser", "is_staff", "last_login", "password", "id", "date_joined" FROM "auth_user__old"; args=()
[08/Nov/2017 22:06:33] DEBUG [django.db.backends.schema:111] DROP TABLE "auth_user__old"; (params ())
[08/Nov/2017 22:06:33] DEBUG [django.db.backends:91] (0.000) DROP TABLE "auth_user__old"; args=()
[08/Nov/2017 22:06:33] DEBUG [django.db.backends:91] (0.000) PRAGMA foreign_keys = 0; args=None
[08/Nov/2017 22:06:33] DEBUG [django.db.backends:91] (0.000) 
            SELECT name, type FROM sqlite_master
            WHERE type in ('table', 'view') AND NOT name='sqlite_sequence'
            ORDER BY name; args=None
[08/Nov/2017 22:06:33] DEBUG [django.db.backends:91] (0.000) BEGIN; args=None
[08/Nov/2017 22:06:33] DEBUG [django.db.backends:91] (0.000) INSERT INTO "django_migrations" ("app", "name", "applied") VALUES ('auth', '0008_alter_user_username_max_length', '2017-11-08 22:06:33.598392'); args=['auth', u'0008_alter_user_username_max_length', u'2017-11-08 22:06:33.598392']
[08/Nov/2017 22:06:33] DEBUG [django.db.backends:91] (0.000) PRAGMA foreign_keys; args=None
[08/Nov/2017 22:06:33] DEBUG [django.db.backends:91] (0.000) PRAGMA foreign_keys = 0; args=None
[08/Nov/2017 22:06:33] DEBUG [django.db.backends:91] (0.000) BEGIN; args=None
[08/Nov/2017 22:06:33] DEBUG [django.db.backends.schema:111] CREATE TABLE "django_session" ("session_key" varchar(40) NOT NULL PRIMARY KEY, "session_data" text NOT NULL, "expire_date" datetime NOT NULL); (params None)
[08/Nov/2017 22:06:33] DEBUG [django.db.backends:91] (0.000) CREATE TABLE "django_session" ("session_key" varchar(40) NOT NULL PRIMARY KEY, "session_data" text NOT NULL, "expire_date" datetime NOT NULL); args=None
[08/Nov/2017 22:06:33] DEBUG [django.db.backends.schema:111] CREATE INDEX "django_session_expire_date_a5c62663" ON "django_session" ("expire_date"); (params ())
[08/Nov/2017 22:06:33] DEBUG [django.db.backends:91] (0.000) CREATE INDEX "django_session_expire_date_a5c62663" ON "django_session" ("expire_date"); args=()
[08/Nov/2017 22:06:33] DEBUG [django.db.backends:91] (0.000) PRAGMA foreign_keys = 0; args=None
[08/Nov/2017 22:06:33] DEBUG [django.db.backends:91] (0.000) 
            SELECT name, type FROM sqlite_master
            WHERE type in ('table', 'view') AND NOT name='sqlite_sequence'
            ORDER BY name; args=None
[08/Nov/2017 22:06:33] DEBUG [django.db.backends:91] (0.000) BEGIN; args=None
[08/Nov/2017 22:06:33] DEBUG [django.db.backends:91] (0.000) INSERT INTO "django_migrations" ("app", "name", "applied") VALUES ('sessions', '0001_initial', '2017-11-08 22:06:33.607378'); args=['sessions', u'0001_initial', u'2017-11-08 22:06:33.607378']
[08/Nov/2017 22:06:33] DEBUG [django.db.backends:91] (0.000) 
            SELECT name, type FROM sqlite_master
            WHERE type in ('table', 'view') AND NOT name='sqlite_sequence'
            ORDER BY name; args=None
[08/Nov/2017 22:06:33] DEBUG [django.db.backends:91] (0.000) SELECT "django_migrations"."app", "django_migrations"."name" FROM "django_migrations"; args=()
[08/Nov/2017 22:06:33] DEBUG [django.db.backends:91] (0.000) SELECT "django_content_type"."id", "django_content_type"."app_label", "django_content_type"."model" FROM "django_content_type" WHERE ("django_content_type"."model" = 'logentry' AND "django_content_type"."app_label" = 'admin'); args=('logentry', 'admin')
[08/Nov/2017 22:06:33] DEBUG [django.db.backends:91] (0.000) SELECT "django_content_type"."id", "django_content_type"."app_label", "django_content_type"."model" FROM "django_content_type" WHERE ("django_content_type"."model" = 'logentry' AND "django_content_type"."app_label" = 'admin'); args=('logentry', 'admin')
[08/Nov/2017 22:06:33] DEBUG [django.db.backends:91] (0.000) BEGIN; args=None
[08/Nov/2017 22:06:33] DEBUG [django.db.backends:91] (0.000) INSERT INTO "django_content_type" ("app_label", "model") VALUES ('admin', 'logentry'); args=['admin', 'logentry']
[08/Nov/2017 22:06:33] DEBUG [django.db.backends:91] (0.000) SELECT "auth_permission"."content_type_id", "auth_permission"."codename" FROM "auth_permission" INNER JOIN "django_content_type" ON ("auth_permission"."content_type_id" = "django_content_type"."id") WHERE "auth_permission"."content_type_id" IN (1) ORDER BY "django_content_type"."app_label" ASC, "django_content_type"."model" ASC, "auth_permission"."codename" ASC; args=(1,)
[08/Nov/2017 22:06:33] DEBUG [django.db.backends:91] (0.000) BEGIN; args=None
[08/Nov/2017 22:06:33] DEBUG [django.db.backends:91] (0.000) INSERT INTO "auth_permission" ("name", "content_type_id", "codename") SELECT 'Can add log entry', 1, 'add_logentry' UNION ALL SELECT 'Can change log entry', 1, 'change_logentry' UNION ALL SELECT 'Can delete log entry', 1, 'delete_logentry'; args=(u'Can add log entry', 1, u'add_logentry', u'Can change log entry', 1, u'change_logentry', u'Can delete log entry', 1, u'delete_logentry')
[08/Nov/2017 22:06:33] DEBUG [django.db.backends:91] (0.000) SELECT "django_content_type"."id", "django_content_type"."app_label", "django_content_type"."model" FROM "django_content_type" WHERE "django_content_type"."app_label" = 'admin'; args=('admin',)
[08/Nov/2017 22:06:33] DEBUG [django.db.backends:91] (0.000) SELECT "django_content_type"."id", "django_content_type"."app_label", "django_content_type"."model" FROM "django_content_type" WHERE ("django_content_type"."model" = 'group' AND "django_content_type"."app_label" = 'auth'); args=('group', 'auth')
[08/Nov/2017 22:06:33] DEBUG [django.db.backends:91] (0.000) SELECT "django_content_type"."id", "django_content_type"."app_label", "django_content_type"."model" FROM "django_content_type" WHERE ("django_content_type"."model" = 'group' AND "django_content_type"."app_label" = 'auth'); args=('group', 'auth')
[08/Nov/2017 22:06:33] DEBUG [django.db.backends:91] (0.000) BEGIN; args=None
[08/Nov/2017 22:06:33] DEBUG [django.db.backends:91] (0.000) INSERT INTO "django_content_type" ("app_label", "model") VALUES ('auth', 'group'); args=['auth', 'group']
[08/Nov/2017 22:06:33] DEBUG [django.db.backends:91] (0.000) SELECT "django_content_type"."id", "django_content_type"."app_label", "django_content_type"."model" FROM "django_content_type" WHERE ("django_content_type"."model" = 'permission' AND "django_content_type"."app_label" = 'auth'); args=('permission', 'auth')
[08/Nov/2017 22:06:33] DEBUG [django.db.backends:91] (0.000) SELECT "django_content_type"."id", "django_content_type"."app_label", "django_content_type"."model" FROM "django_content_type" WHERE ("django_content_type"."model" = 'permission' AND "django_content_type"."app_label" = 'auth'); args=('permission', 'auth')
[08/Nov/2017 22:06:33] DEBUG [django.db.backends:91] (0.000) BEGIN; args=None
[08/Nov/2017 22:06:33] DEBUG [django.db.backends:91] (0.000) INSERT INTO "django_content_type" ("app_label", "model") VALUES ('auth', 'permission'); args=['auth', 'permission']
[08/Nov/2017 22:06:33] DEBUG [django.db.backends:91] (0.000) SELECT "django_content_type"."id", "django_content_type"."app_label", "django_content_type"."model" FROM "django_content_type" WHERE ("django_content_type"."model" = 'user' AND "django_content_type"."app_label" = 'auth'); args=('user', 'auth')
[08/Nov/2017 22:06:33] DEBUG [django.db.backends:91] (0.000) SELECT "django_content_type"."id", "django_content_type"."app_label", "django_content_type"."model" FROM "django_content_type" WHERE ("django_content_type"."model" = 'user' AND "django_content_type"."app_label" = 'auth'); args=('user', 'auth')
[08/Nov/2017 22:06:33] DEBUG [django.db.backends:91] (0.000) BEGIN; args=None
[08/Nov/2017 22:06:33] DEBUG [django.db.backends:91] (0.000) INSERT INTO "django_content_type" ("app_label", "model") VALUES ('auth', 'user'); args=['auth', 'user']
[08/Nov/2017 22:06:33] DEBUG [django.db.backends:91] (0.000) SELECT "auth_permission"."content_type_id", "auth_permission"."codename" FROM "auth_permission" INNER JOIN "django_content_type" ON ("auth_permission"."content_type_id" = "django_content_type"."id") WHERE "auth_permission"."content_type_id" IN (2, 3, 4) ORDER BY "django_content_type"."app_label" ASC, "django_content_type"."model" ASC, "auth_permission"."codename" ASC; args=(2, 3, 4)
[08/Nov/2017 22:06:33] DEBUG [django.db.backends:91] (0.000) BEGIN; args=None
[08/Nov/2017 22:06:33] DEBUG [django.db.backends:91] (0.000) INSERT INTO "auth_permission" ("name", "content_type_id", "codename") SELECT 'Can add group', 2, 'add_group' UNION ALL SELECT 'Can change group', 2, 'change_group' UNION ALL SELECT 'Can delete group', 2, 'delete_group' UNION ALL SELECT 'Can add permission', 3, 'add_permission' UNION ALL SELECT 'Can change permission', 3, 'change_permission' UNION ALL SELECT 'Can delete permission', 3, 'delete_permission' UNION ALL SELECT 'Can add user', 4, 'add_user' UNION ALL SELECT 'Can change user', 4, 'change_user' UNION ALL SELECT 'Can delete user', 4, 'delete_user'; args=(u'Can add group', 2, u'add_group', u'Can change group', 2, u'change_group', u'Can delete group', 2, u'delete_group', u'Can add permission', 3, u'add_permission', u'Can change permission', 3, u'change_permission', u'Can delete permission', 3, u'delete_permission', u'Can add user', 4, u'add_user', u'Can change user', 4, u'change_user', u'Can delete user', 4, u'delete_user')
[08/Nov/2017 22:06:33] DEBUG [django.db.backends:91] (0.000) SELECT "django_content_type"."id", "django_content_type"."app_label", "django_content_type"."model" FROM "django_content_type" WHERE "django_content_type"."app_label" = 'auth'; args=('auth',)
[08/Nov/2017 22:06:33] DEBUG [django.db.backends:91] (0.000) SELECT "django_content_type"."id", "django_content_type"."app_label", "django_content_type"."model" FROM "django_content_type" WHERE ("django_content_type"."model" = 'contenttype' AND "django_content_type"."app_label" = 'contenttypes'); args=('contenttype', 'contenttypes')
[08/Nov/2017 22:06:33] DEBUG [django.db.backends:91] (0.000) SELECT "django_content_type"."id", "django_content_type"."app_label", "django_content_type"."model" FROM "django_content_type" WHERE ("django_content_type"."model" = 'contenttype' AND "django_content_type"."app_label" = 'contenttypes'); args=('contenttype', 'contenttypes')
[08/Nov/2017 22:06:33] DEBUG [django.db.backends:91] (0.000) BEGIN; args=None
[08/Nov/2017 22:06:33] DEBUG [django.db.backends:91] (0.000) INSERT INTO "django_content_type" ("app_label", "model") VALUES ('contenttypes', 'contenttype'); args=['contenttypes', 'contenttype']
[08/Nov/2017 22:06:33] DEBUG [django.db.backends:91] (0.000) SELECT "auth_permission"."content_type_id", "auth_permission"."codename" FROM "auth_permission" INNER JOIN "django_content_type" ON ("auth_permission"."content_type_id" = "django_content_type"."id") WHERE "auth_permission"."content_type_id" IN (5) ORDER BY "django_content_type"."app_label" ASC, "django_content_type"."model" ASC, "auth_permission"."codename" ASC; args=(5,)
[08/Nov/2017 22:06:33] DEBUG [django.db.backends:91] (0.000) BEGIN; args=None
[08/Nov/2017 22:06:33] DEBUG [django.db.backends:91] (0.000) INSERT INTO "auth_permission" ("name", "content_type_id", "codename") SELECT 'Can add content type', 5, 'add_contenttype' UNION ALL SELECT 'Can change content type', 5, 'change_contenttype' UNION ALL SELECT 'Can delete content type', 5, 'delete_contenttype'; args=(u'Can add content type', 5, u'add_contenttype', u'Can change content type', 5, u'change_contenttype', u'Can delete content type', 5, u'delete_contenttype')
[08/Nov/2017 22:06:33] DEBUG [django.db.backends:91] (0.000) SELECT "django_content_type"."id", "django_content_type"."app_label", "django_content_type"."model" FROM "django_content_type" WHERE "django_content_type"."app_label" = 'contenttypes'; args=('contenttypes',)
[08/Nov/2017 22:06:33] DEBUG [django.db.backends:91] (0.000) SELECT "django_content_type"."id", "django_content_type"."app_label", "django_content_type"."model" FROM "django_content_type" WHERE ("django_content_type"."model" = 'session' AND "django_content_type"."app_label" = 'sessions'); args=('session', 'sessions')
[08/Nov/2017 22:06:33] DEBUG [django.db.backends:91] (0.000) SELECT "django_content_type"."id", "django_content_type"."app_label", "django_content_type"."model" FROM "django_content_type" WHERE ("django_content_type"."model" = 'session' AND "django_content_type"."app_label" = 'sessions'); args=('session', 'sessions')
[08/Nov/2017 22:06:33] DEBUG [django.db.backends:91] (0.000) BEGIN; args=None
[08/Nov/2017 22:06:33] DEBUG [django.db.backends:91] (0.000) INSERT INTO "django_content_type" ("app_label", "model") VALUES ('sessions', 'session'); args=['sessions', 'session']
[08/Nov/2017 22:06:33] DEBUG [django.db.backends:91] (0.000) SELECT "auth_permission"."content_type_id", "auth_permission"."codename" FROM "auth_permission" INNER JOIN "django_content_type" ON ("auth_permission"."content_type_id" = "django_content_type"."id") WHERE "auth_permission"."content_type_id" IN (6) ORDER BY "django_content_type"."app_label" ASC, "django_content_type"."model" ASC, "auth_permission"."codename" ASC; args=(6,)
[08/Nov/2017 22:06:33] DEBUG [django.db.backends:91] (0.000) BEGIN; args=None
[08/Nov/2017 22:06:33] DEBUG [django.db.backends:91] (0.000) INSERT INTO "auth_permission" ("name", "content_type_id", "codename") SELECT 'Can add session', 6, 'add_session' UNION ALL SELECT 'Can change session', 6, 'change_session' UNION ALL SELECT 'Can delete session', 6, 'delete_session'; args=(u'Can add session', 6, u'add_session', u'Can change session', 6, u'change_session', u'Can delete session', 6, u'delete_session')
[08/Nov/2017 22:06:33] DEBUG [django.db.backends:91] (0.000) SELECT "django_content_type"."id", "django_content_type"."app_label", "django_content_type"."model" FROM "django_content_type" WHERE "django_content_type"."app_label" = 'sessions'; args=('sessions',)
[08/Nov/2017 22:06:37] DEBUG [django.db.backends:91] (0.000) 
            SELECT name, type FROM sqlite_master
            WHERE type in ('table', 'view') AND NOT name='sqlite_sequence'
            ORDER BY name; args=None
[08/Nov/2017 22:06:37] DEBUG [django.db.backends:91] (0.000) SELECT "django_migrations"."app", "django_migrations"."name" FROM "django_migrations"; args=()
[08/Nov/2017 22:06:40] DEBUG [django.db.backends:91] (0.001) 
            SELECT name, type FROM sqlite_master
            WHERE type in ('table', 'view') AND NOT name='sqlite_sequence'
            ORDER BY name; args=None
[08/Nov/2017 22:06:40] DEBUG [django.db.backends:91] (0.000) SELECT "django_migrations"."app", "django_migrations"."name" FROM "django_migrations"; args=()
[08/Nov/2017 22:06:49] DEBUG [django.template:925] Exception while resolving variable 'name' in template 'unknown'.
Traceback (most recent call last):
  File "/Users/nwself/.virtualenvs/pi/lib/python2.7/site-packages/django/template/base.py", line 903, in _resolve_lookup
    (bit, current))  # missing attribute
VariableDoesNotExist: Failed lookup for key [name] in u'<RegexURLResolver <RegexURLPattern list> (admin:admin) ^admin/>'
[08/Nov/2017 22:06:49] DEBUG [django.template:925] Exception while resolving variable 'name' in template 'unknown'.
Traceback (most recent call last):
  File "/Users/nwself/.virtualenvs/pi/lib/python2.7/site-packages/django/template/base.py", line 903, in _resolve_lookup
    (bit, current))  # missing attribute
VariableDoesNotExist: Failed lookup for key [name] in u"<RegexURLResolver <module 'rec.urls' from '/Users/nwself/dev/PI_Demo_November2017_DAC/site/rec/urls.pyc'> (None:None) ^rec/>"
[08/Nov/2017 22:06:49] WARNING [django.request:152] Not Found: /
[08/Nov/2017 22:06:49] WARNING [django.server:124] "GET / HTTP/1.1" 404 2017
[08/Nov/2017 22:06:53] INFO [django.server:124] "GET /rec HTTP/1.1" 301 0
[08/Nov/2017 22:06:53] INFO [django.server:124] "GET /rec/ HTTP/1.1" 200 29
[09/Nov/2017 13:54:22] DEBUG [django.db.backends:91] (0.001) 
            SELECT name, type FROM sqlite_master
            WHERE type in ('table', 'view') AND NOT name='sqlite_sequence'
            ORDER BY name; args=None
[09/Nov/2017 13:54:22] DEBUG [django.db.backends:91] (0.000) SELECT "django_migrations"."app", "django_migrations"."name" FROM "django_migrations"; args=()
[09/Nov/2017 13:54:26] DEBUG [django.template:925] Exception while resolving variable 'name' in template 'unknown'.
Traceback (most recent call last):
  File "/Users/nwself/.virtualenvs/pi/lib/python2.7/site-packages/django/template/base.py", line 903, in _resolve_lookup
    (bit, current))  # missing attribute
VariableDoesNotExist: Failed lookup for key [name] in u'<RegexURLResolver <RegexURLPattern list> (admin:admin) ^admin/>'
[09/Nov/2017 13:54:26] DEBUG [django.template:925] Exception while resolving variable 'name' in template 'unknown'.
Traceback (most recent call last):
  File "/Users/nwself/.virtualenvs/pi/lib/python2.7/site-packages/django/template/base.py", line 903, in _resolve_lookup
    (bit, current))  # missing attribute
VariableDoesNotExist: Failed lookup for key [name] in u"<RegexURLResolver <module 'rec.urls' from '/Users/nwself/dev/PI_Demo_November2017_DAC/site/rec/urls.pyc'> (None:None) ^rec/>"
[09/Nov/2017 13:54:26] WARNING [django.request:152] Not Found: /
[09/Nov/2017 13:54:26] WARNING [django.server:124] "GET / HTTP/1.1" 404 2017
[09/Nov/2017 13:54:30] DEBUG [django.template:925] Exception while resolving variable 'name' in template 'unknown'.
Traceback (most recent call last):
  File "/Users/nwself/.virtualenvs/pi/lib/python2.7/site-packages/django/template/base.py", line 903, in _resolve_lookup
    (bit, current))  # missing attribute
VariableDoesNotExist: Failed lookup for key [name] in u'<RegexURLResolver <RegexURLPattern list> (admin:admin) ^admin/>'
[09/Nov/2017 13:54:30] DEBUG [django.template:925] Exception while resolving variable 'name' in template 'unknown'.
Traceback (most recent call last):
  File "/Users/nwself/.virtualenvs/pi/lib/python2.7/site-packages/django/template/base.py", line 903, in _resolve_lookup
    (bit, current))  # missing attribute
VariableDoesNotExist: Failed lookup for key [name] in u"<RegexURLResolver <module 'rec.urls' from '/Users/nwself/dev/PI_Demo_November2017_DAC/site/rec/urls.pyc'> (None:None) ^rec/>"
[09/Nov/2017 13:54:30] WARNING [django.request:152] Not Found: /re
[09/Nov/2017 13:54:30] WARNING [django.server:124] "GET /re HTTP/1.1" 404 2041
[09/Nov/2017 13:54:33] INFO [django.server:124] "GET /rec HTTP/1.1" 301 0
[09/Nov/2017 13:54:33] INFO [django.server:124] "GET /rec/ HTTP/1.1" 200 29
[09/Nov/2017 13:56:22] DEBUG [django.db.backends:91] (0.001) 
            SELECT name, type FROM sqlite_master
            WHERE type in ('table', 'view') AND NOT name='sqlite_sequence'
            ORDER BY name; args=None
[09/Nov/2017 13:56:22] DEBUG [django.db.backends:91] (0.000) SELECT "django_migrations"."app", "django_migrations"."name" FROM "django_migrations"; args=()
[09/Nov/2017 13:56:32] INFO [django.server:124] "GET / HTTP/1.1" 200 29
[09/Nov/2017 13:59:31] DEBUG [django.db.backends:91] (0.000) 
            SELECT name, type FROM sqlite_master
            WHERE type in ('table', 'view') AND NOT name='sqlite_sequence'
            ORDER BY name; args=None
[09/Nov/2017 13:59:31] DEBUG [django.db.backends:91] (0.000) SELECT "django_migrations"."app", "django_migrations"."name" FROM "django_migrations"; args=()
[09/Nov/2017 14:11:49] INFO [django.server:124] "GET / HTTP/1.1" 200 5246
[09/Nov/2017 14:11:49] WARNING [django.server:124] "GET /static/vendor/bootstrap.min.css HTTP/1.1" 404 1685
[09/Nov/2017 14:11:49] INFO [django.server:124] "GET /static/css/footer.css HTTP/1.1" 200 520
[09/Nov/2017 14:11:49] INFO [django.server:124] "GET /static/css/base.css HTTP/1.1" 200 0
[09/Nov/2017 14:11:49] INFO [django.server:124] "GET /static/img/logo_stacked.svg HTTP/1.1" 200 12759
[09/Nov/2017 14:11:49] INFO [django.server:124] "GET /static/img/daclogo.svg HTTP/1.1" 200 8174
[09/Nov/2017 14:13:04] INFO [django.server:124] "GET / HTTP/1.1" 200 5246
[09/Nov/2017 14:13:04] INFO [django.server:124] "GET /static/css/base.css HTTP/1.1" 304 0
[09/Nov/2017 14:13:04] INFO [django.server:124] "GET /static/css/footer.css HTTP/1.1" 304 0
[09/Nov/2017 14:13:04] INFO [django.server:124] "GET /static/vendor/bootstrap.min.css HTTP/1.1" 200 127343
[09/Nov/2017 14:13:04] INFO [django.server:124] "GET /static/img/logo_stacked.svg HTTP/1.1" 304 0
[09/Nov/2017 14:13:05] INFO [django.server:124] "GET /static/img/daclogo.svg HTTP/1.1" 304 0
[09/Nov/2017 14:13:15] INFO [django.server:124] "GET /static/vendor/bootstrap.min.css HTTP/1.1" 304 0
[09/Nov/2017 14:13:15] WARNING [django.server:124] "GET /static/vendor/bootstrap.min.css.map HTTP/1.1" 404 1697
[09/Nov/2017 14:14:19] INFO [django.server:124] "GET / HTTP/1.1" 200 5164
[09/Nov/2017 14:14:19] INFO [django.server:124] "GET /static/css/base.css HTTP/1.1" 200 0
[09/Nov/2017 14:14:19] INFO [django.server:124] "GET /static/css/footer.css HTTP/1.1" 200 520
[09/Nov/2017 14:14:19] INFO [django.server:124] "GET /static/vendor/bootstrap.min.css HTTP/1.1" 200 127343
[09/Nov/2017 14:14:19] INFO [django.server:124] "GET /static/img/logo_stacked.svg HTTP/1.1" 200 12759
[09/Nov/2017 14:14:19] INFO [django.server:124] "GET /static/img/daclogo.svg HTTP/1.1" 200 8174
[09/Nov/2017 14:14:19] WARNING [django.server:124] "GET /static/vendor/bootstrap.min.css.map HTTP/1.1" 404 1697
[09/Nov/2017 14:15:22] INFO [django.server:124] "GET / HTTP/1.1" 200 5164
[09/Nov/2017 14:15:22] INFO [django.server:124] "GET /static/css/footer.css HTTP/1.1" 200 520
[09/Nov/2017 14:15:22] INFO [django.server:124] "GET /static/css/base.css HTTP/1.1" 200 57
[09/Nov/2017 14:15:22] INFO [django.server:124] "GET /static/vendor/bootstrap.min.css HTTP/1.1" 200 127343
[09/Nov/2017 14:15:22] INFO [django.server:124] "GET /static/img/logo_stacked.svg HTTP/1.1" 200 12759
[09/Nov/2017 14:15:22] INFO [django.server:124] "GET /static/img/daclogo.svg HTTP/1.1" 200 8174
[09/Nov/2017 14:15:22] WARNING [django.server:124] "GET /static/vendor/bootstrap.min.css.map HTTP/1.1" 404 1697
[09/Nov/2017 14:16:18] INFO [django.server:124] "GET / HTTP/1.1" 200 5270
[09/Nov/2017 14:16:18] INFO [django.server:124] "GET /static/css/footer.css HTTP/1.1" 200 520
[09/Nov/2017 14:16:18] INFO [django.server:124] "GET /static/css/base.css HTTP/1.1" 200 57
[09/Nov/2017 14:16:18] INFO [django.server:124] "GET /static/vendor/bootstrap.min.css HTTP/1.1" 200 127343
[09/Nov/2017 14:16:18] INFO [django.server:124] "GET /static/img/logo_stacked.svg HTTP/1.1" 200 12759
[09/Nov/2017 14:16:19] INFO [django.server:124] "GET /static/img/daclogo.svg HTTP/1.1" 200 8174
[09/Nov/2017 14:16:19] WARNING [django.server:124] "GET /static/vendor/bootstrap.min.css.map HTTP/1.1" 404 1697
[09/Nov/2017 14:16:32] INFO [django.server:124] "GET / HTTP/1.1" 200 5260
[09/Nov/2017 14:16:32] INFO [django.server:124] "GET /static/css/footer.css HTTP/1.1" 200 520
[09/Nov/2017 14:16:32] INFO [django.server:124] "GET /static/css/base.css HTTP/1.1" 200 57
[09/Nov/2017 14:16:32] INFO [django.server:124] "GET /static/vendor/bootstrap.min.css HTTP/1.1" 200 127343
[09/Nov/2017 14:16:32] INFO [django.server:124] "GET /static/img/logo_stacked.svg HTTP/1.1" 200 12759
[09/Nov/2017 14:16:32] INFO [django.server:124] "GET /static/img/daclogo.svg HTTP/1.1" 200 8174
[09/Nov/2017 14:16:32] WARNING [django.server:124] "GET /static/vendor/bootstrap.min.css.map HTTP/1.1" 404 1697
[09/Nov/2017 14:17:04] INFO [django.server:124] "GET / HTTP/1.1" 200 5260
[09/Nov/2017 14:17:04] INFO [django.server:124] "GET /static/css/base.css HTTP/1.1" 200 57
[09/Nov/2017 14:17:04] INFO [django.server:124] "GET /static/css/footer.css HTTP/1.1" 200 524
[09/Nov/2017 14:17:04] INFO [django.server:124] "GET /static/vendor/bootstrap.min.css HTTP/1.1" 200 127343
[09/Nov/2017 14:17:04] INFO [django.server:124] "GET /static/img/logo_stacked.svg HTTP/1.1" 200 12759
[09/Nov/2017 14:17:05] WARNING [django.server:124] "GET /static/vendor/bootstrap.min.css.map HTTP/1.1" 404 1697
[09/Nov/2017 14:17:05] INFO [django.server:124] "GET /static/img/daclogo.svg HTTP/1.1" 200 8174
[09/Nov/2017 14:20:18] DEBUG [django.db.backends:91] (0.000) 
            SELECT name, type FROM sqlite_master
            WHERE type in ('table', 'view') AND NOT name='sqlite_sequence'
            ORDER BY name; args=None
[09/Nov/2017 14:20:18] DEBUG [django.db.backends:91] (0.000) SELECT "django_migrations"."app", "django_migrations"."name" FROM "django_migrations"; args=()
[09/Nov/2017 14:21:43] DEBUG [django.db.backends:91] (0.000) 
            SELECT name, type FROM sqlite_master
            WHERE type in ('table', 'view') AND NOT name='sqlite_sequence'
            ORDER BY name; args=None
[09/Nov/2017 14:21:43] DEBUG [django.db.backends:91] (0.000) SELECT "django_migrations"."app", "django_migrations"."name" FROM "django_migrations"; args=()
[09/Nov/2017 14:23:04] DEBUG [django.db.backends:91] (0.001) 
            SELECT name, type FROM sqlite_master
            WHERE type in ('table', 'view') AND NOT name='sqlite_sequence'
            ORDER BY name; args=None
[09/Nov/2017 14:23:04] DEBUG [django.db.backends:91] (0.000) SELECT "django_migrations"."app", "django_migrations"."name" FROM "django_migrations"; args=()
[09/Nov/2017 14:23:06] DEBUG [django.db.backends:91] (0.000) 
            SELECT name, type FROM sqlite_master
            WHERE type in ('table', 'view') AND NOT name='sqlite_sequence'
            ORDER BY name; args=None
[09/Nov/2017 14:23:06] DEBUG [django.db.backends:91] (0.000) SELECT "django_migrations"."app", "django_migrations"."name" FROM "django_migrations"; args=()
[09/Nov/2017 14:23:06] DEBUG [django.db.backends:91] (0.000) 
            SELECT name, type FROM sqlite_master
            WHERE type in ('table', 'view') AND NOT name='sqlite_sequence'
            ORDER BY name; args=None
[09/Nov/2017 14:23:06] DEBUG [django.db.backends:91] (0.000) SELECT "django_migrations"."app", "django_migrations"."name" FROM "django_migrations"; args=()
[09/Nov/2017 14:23:06] DEBUG [django.db.backends:91] (0.000) 
            SELECT name, type FROM sqlite_master
            WHERE type in ('table', 'view') AND NOT name='sqlite_sequence'
            ORDER BY name; args=None
[09/Nov/2017 14:23:06] DEBUG [django.db.backends:91] (0.000) SELECT "django_migrations"."app", "django_migrations"."name" FROM "django_migrations"; args=()
[09/Nov/2017 14:23:06] DEBUG [django.db.backends:91] (0.000) SELECT "django_content_type"."id", "django_content_type"."app_label", "django_content_type"."model" FROM "django_content_type" WHERE ("django_content_type"."model" = 'logentry' AND "django_content_type"."app_label" = 'admin'); args=('logentry', 'admin')
[09/Nov/2017 14:23:06] DEBUG [django.db.backends:91] (0.000) SELECT "auth_permission"."content_type_id", "auth_permission"."codename" FROM "auth_permission" INNER JOIN "django_content_type" ON ("auth_permission"."content_type_id" = "django_content_type"."id") WHERE "auth_permission"."content_type_id" IN (1) ORDER BY "django_content_type"."app_label" ASC, "django_content_type"."model" ASC, "auth_permission"."codename" ASC; args=(1,)
[09/Nov/2017 14:23:06] DEBUG [django.db.backends:91] (0.000) SELECT "django_content_type"."id", "django_content_type"."app_label", "django_content_type"."model" FROM "django_content_type" WHERE "django_content_type"."app_label" = 'admin'; args=('admin',)
[09/Nov/2017 14:23:06] DEBUG [django.db.backends:91] (0.000) SELECT "django_content_type"."id", "django_content_type"."app_label", "django_content_type"."model" FROM "django_content_type" WHERE ("django_content_type"."model" = 'group' AND "django_content_type"."app_label" = 'auth'); args=('group', 'auth')
[09/Nov/2017 14:23:06] DEBUG [django.db.backends:91] (0.000) SELECT "django_content_type"."id", "django_content_type"."app_label", "django_content_type"."model" FROM "django_content_type" WHERE ("django_content_type"."model" = 'permission' AND "django_content_type"."app_label" = 'auth'); args=('permission', 'auth')
[09/Nov/2017 14:23:06] DEBUG [django.db.backends:91] (0.000) SELECT "django_content_type"."id", "django_content_type"."app_label", "django_content_type"."model" FROM "django_content_type" WHERE ("django_content_type"."model" = 'user' AND "django_content_type"."app_label" = 'auth'); args=('user', 'auth')
[09/Nov/2017 14:23:06] DEBUG [django.db.backends:91] (0.000) SELECT "auth_permission"."content_type_id", "auth_permission"."codename" FROM "auth_permission" INNER JOIN "django_content_type" ON ("auth_permission"."content_type_id" = "django_content_type"."id") WHERE "auth_permission"."content_type_id" IN (2, 3, 4) ORDER BY "django_content_type"."app_label" ASC, "django_content_type"."model" ASC, "auth_permission"."codename" ASC; args=(2, 3, 4)
[09/Nov/2017 14:23:06] DEBUG [django.db.backends:91] (0.000) SELECT "django_content_type"."id", "django_content_type"."app_label", "django_content_type"."model" FROM "django_content_type" WHERE "django_content_type"."app_label" = 'auth'; args=('auth',)
[09/Nov/2017 14:23:06] DEBUG [django.db.backends:91] (0.000) SELECT "django_content_type"."id", "django_content_type"."app_label", "django_content_type"."model" FROM "django_content_type" WHERE ("django_content_type"."model" = 'contenttype' AND "django_content_type"."app_label" = 'contenttypes'); args=('contenttype', 'contenttypes')
[09/Nov/2017 14:23:06] DEBUG [django.db.backends:91] (0.000) SELECT "auth_permission"."content_type_id", "auth_permission"."codename" FROM "auth_permission" INNER JOIN "django_content_type" ON ("auth_permission"."content_type_id" = "django_content_type"."id") WHERE "auth_permission"."content_type_id" IN (5) ORDER BY "django_content_type"."app_label" ASC, "django_content_type"."model" ASC, "auth_permission"."codename" ASC; args=(5,)
[09/Nov/2017 14:23:06] DEBUG [django.db.backends:91] (0.000) SELECT "django_content_type"."id", "django_content_type"."app_label", "django_content_type"."model" FROM "django_content_type" WHERE "django_content_type"."app_label" = 'contenttypes'; args=('contenttypes',)
[09/Nov/2017 14:23:06] DEBUG [django.db.backends:91] (0.000) SELECT "django_content_type"."id", "django_content_type"."app_label", "django_content_type"."model" FROM "django_content_type" WHERE ("django_content_type"."model" = 'session' AND "django_content_type"."app_label" = 'sessions'); args=('session', 'sessions')
[09/Nov/2017 14:23:06] DEBUG [django.db.backends:91] (0.000) SELECT "auth_permission"."content_type_id", "auth_permission"."codename" FROM "auth_permission" INNER JOIN "django_content_type" ON ("auth_permission"."content_type_id" = "django_content_type"."id") WHERE "auth_permission"."content_type_id" IN (6) ORDER BY "django_content_type"."app_label" ASC, "django_content_type"."model" ASC, "auth_permission"."codename" ASC; args=(6,)
[09/Nov/2017 14:23:06] DEBUG [django.db.backends:91] (0.000) SELECT "django_content_type"."id", "django_content_type"."app_label", "django_content_type"."model" FROM "django_content_type" WHERE "django_content_type"."app_label" = 'sessions'; args=('sessions',)
[09/Nov/2017 14:23:21] DEBUG [django.db.backends:91] (0.000) 
            SELECT name, type FROM sqlite_master
            WHERE type in ('table', 'view') AND NOT name='sqlite_sequence'
            ORDER BY name; args=None
[09/Nov/2017 14:23:21] DEBUG [django.db.backends:91] (0.000) SELECT "django_migrations"."app", "django_migrations"."name" FROM "django_migrations"; args=()
[09/Nov/2017 14:23:21] DEBUG [django.db.backends:91] (0.000) 
            SELECT name, type FROM sqlite_master
            WHERE type in ('table', 'view') AND NOT name='sqlite_sequence'
            ORDER BY name; args=None
[09/Nov/2017 14:23:21] DEBUG [django.db.backends:91] (0.000) SELECT "django_migrations"."app", "django_migrations"."name" FROM "django_migrations"; args=()
[09/Nov/2017 14:23:21] DEBUG [django.db.backends:91] (0.000) 
            SELECT name, type FROM sqlite_master
            WHERE type in ('table', 'view') AND NOT name='sqlite_sequence'
            ORDER BY name; args=None
[09/Nov/2017 14:23:21] DEBUG [django.db.backends:91] (0.000) SELECT "django_migrations"."app", "django_migrations"."name" FROM "django_migrations"; args=()
[09/Nov/2017 14:23:21] DEBUG [django.db.backends:91] (0.000) SELECT "django_content_type"."id", "django_content_type"."app_label", "django_content_type"."model" FROM "django_content_type" WHERE ("django_content_type"."model" = 'logentry' AND "django_content_type"."app_label" = 'admin'); args=('logentry', 'admin')
[09/Nov/2017 14:23:21] DEBUG [django.db.backends:91] (0.000) SELECT "auth_permission"."content_type_id", "auth_permission"."codename" FROM "auth_permission" INNER JOIN "django_content_type" ON ("auth_permission"."content_type_id" = "django_content_type"."id") WHERE "auth_permission"."content_type_id" IN (1) ORDER BY "django_content_type"."app_label" ASC, "django_content_type"."model" ASC, "auth_permission"."codename" ASC; args=(1,)
[09/Nov/2017 14:23:21] DEBUG [django.db.backends:91] (0.000) SELECT "django_content_type"."id", "django_content_type"."app_label", "django_content_type"."model" FROM "django_content_type" WHERE "django_content_type"."app_label" = 'admin'; args=('admin',)
[09/Nov/2017 14:23:21] DEBUG [django.db.backends:91] (0.000) SELECT "django_content_type"."id", "django_content_type"."app_label", "django_content_type"."model" FROM "django_content_type" WHERE ("django_content_type"."model" = 'group' AND "django_content_type"."app_label" = 'auth'); args=('group', 'auth')
[09/Nov/2017 14:23:21] DEBUG [django.db.backends:91] (0.000) SELECT "django_content_type"."id", "django_content_type"."app_label", "django_content_type"."model" FROM "django_content_type" WHERE ("django_content_type"."model" = 'permission' AND "django_content_type"."app_label" = 'auth'); args=('permission', 'auth')
[09/Nov/2017 14:23:21] DEBUG [django.db.backends:91] (0.000) SELECT "django_content_type"."id", "django_content_type"."app_label", "django_content_type"."model" FROM "django_content_type" WHERE ("django_content_type"."model" = 'user' AND "django_content_type"."app_label" = 'auth'); args=('user', 'auth')
[09/Nov/2017 14:23:21] DEBUG [django.db.backends:91] (0.000) SELECT "auth_permission"."content_type_id", "auth_permission"."codename" FROM "auth_permission" INNER JOIN "django_content_type" ON ("auth_permission"."content_type_id" = "django_content_type"."id") WHERE "auth_permission"."content_type_id" IN (2, 3, 4) ORDER BY "django_content_type"."app_label" ASC, "django_content_type"."model" ASC, "auth_permission"."codename" ASC; args=(2, 3, 4)
[09/Nov/2017 14:23:21] DEBUG [django.db.backends:91] (0.000) SELECT "django_content_type"."id", "django_content_type"."app_label", "django_content_type"."model" FROM "django_content_type" WHERE "django_content_type"."app_label" = 'auth'; args=('auth',)
[09/Nov/2017 14:23:21] DEBUG [django.db.backends:91] (0.000) SELECT "django_content_type"."id", "django_content_type"."app_label", "django_content_type"."model" FROM "django_content_type" WHERE ("django_content_type"."model" = 'contenttype' AND "django_content_type"."app_label" = 'contenttypes'); args=('contenttype', 'contenttypes')
[09/Nov/2017 14:23:21] DEBUG [django.db.backends:91] (0.000) SELECT "auth_permission"."content_type_id", "auth_permission"."codename" FROM "auth_permission" INNER JOIN "django_content_type" ON ("auth_permission"."content_type_id" = "django_content_type"."id") WHERE "auth_permission"."content_type_id" IN (5) ORDER BY "django_content_type"."app_label" ASC, "django_content_type"."model" ASC, "auth_permission"."codename" ASC; args=(5,)
[09/Nov/2017 14:23:21] DEBUG [django.db.backends:91] (0.000) SELECT "django_content_type"."id", "django_content_type"."app_label", "django_content_type"."model" FROM "django_content_type" WHERE "django_content_type"."app_label" = 'contenttypes'; args=('contenttypes',)
[09/Nov/2017 14:23:21] DEBUG [django.db.backends:91] (0.000) SELECT "django_content_type"."id", "django_content_type"."app_label", "django_content_type"."model" FROM "django_content_type" WHERE ("django_content_type"."model" = 'session' AND "django_content_type"."app_label" = 'sessions'); args=('session', 'sessions')
[09/Nov/2017 14:23:21] DEBUG [django.db.backends:91] (0.000) SELECT "auth_permission"."content_type_id", "auth_permission"."codename" FROM "auth_permission" INNER JOIN "django_content_type" ON ("auth_permission"."content_type_id" = "django_content_type"."id") WHERE "auth_permission"."content_type_id" IN (6) ORDER BY "django_content_type"."app_label" ASC, "django_content_type"."model" ASC, "auth_permission"."codename" ASC; args=(6,)
[09/Nov/2017 14:23:21] DEBUG [django.db.backends:91] (0.000) SELECT "django_content_type"."id", "django_content_type"."app_label", "django_content_type"."model" FROM "django_content_type" WHERE "django_content_type"."app_label" = 'sessions'; args=('sessions',)
[09/Nov/2017 14:23:25] DEBUG [django.db.backends:91] (0.000) 
            SELECT name, type FROM sqlite_master
            WHERE type in ('table', 'view') AND NOT name='sqlite_sequence'
            ORDER BY name; args=None
[09/Nov/2017 14:23:25] DEBUG [django.db.backends:91] (0.000) SELECT "django_migrations"."app", "django_migrations"."name" FROM "django_migrations"; args=()
[09/Nov/2017 14:23:32] INFO [django.server:124] "GET / HTTP/1.1" 200 5260
[09/Nov/2017 14:23:32] INFO [django.server:124] "GET /static/css/footer.css HTTP/1.1" 200 524
[09/Nov/2017 14:23:32] INFO [django.server:124] "GET /static/css/base.css HTTP/1.1" 200 57
[09/Nov/2017 14:23:32] INFO [django.server:124] "GET /static/vendor/bootstrap.min.css HTTP/1.1" 200 127343
[09/Nov/2017 14:23:32] INFO [django.server:124] "GET /static/img/logo_stacked.svg HTTP/1.1" 200 12759
[09/Nov/2017 14:23:32] INFO [django.server:124] "GET /static/img/daclogo.svg HTTP/1.1" 200 8174
[09/Nov/2017 14:23:32] WARNING [django.server:124] "GET /static/vendor/bootstrap.min.css.map HTTP/1.1" 404 1697
[09/Nov/2017 14:23:33] INFO [django.server:124] "GET /ab-loop/ HTTP/1.1" 200 5260
[09/Nov/2017 14:23:33] INFO [django.server:124] "GET /static/css/base.css HTTP/1.1" 200 57
[09/Nov/2017 14:23:33] INFO [django.server:124] "GET /static/css/footer.css HTTP/1.1" 200 524
[09/Nov/2017 14:23:33] INFO [django.server:124] "GET /static/vendor/bootstrap.min.css HTTP/1.1" 200 127343
[09/Nov/2017 14:23:33] INFO [django.server:124] "GET /static/img/logo_stacked.svg HTTP/1.1" 200 12759
[09/Nov/2017 14:23:33] INFO [django.server:124] "GET /static/img/daclogo.svg HTTP/1.1" 200 8174
[09/Nov/2017 14:23:33] WARNING [django.server:124] "GET /static/vendor/bootstrap.min.css.map HTTP/1.1" 404 1697
[09/Nov/2017 14:23:35] INFO [django.server:124] "GET /red-lev/ HTTP/1.1" 200 5260
[09/Nov/2017 14:23:35] INFO [django.server:124] "GET /static/css/base.css HTTP/1.1" 200 57
[09/Nov/2017 14:23:35] INFO [django.server:124] "GET /static/css/footer.css HTTP/1.1" 200 524
[09/Nov/2017 14:23:35] INFO [django.server:124] "GET /static/vendor/bootstrap.min.css HTTP/1.1" 200 127343
[09/Nov/2017 14:23:35] INFO [django.server:124] "GET /static/img/logo_stacked.svg HTTP/1.1" 200 12759
[09/Nov/2017 14:23:36] INFO [django.server:124] "GET /static/img/daclogo.svg HTTP/1.1" 200 8174
[09/Nov/2017 14:23:36] WARNING [django.server:124] "GET /static/vendor/bootstrap.min.css.map HTTP/1.1" 404 1697
[09/Nov/2017 14:23:44] INFO [django.server:124] "GET /red-lev/ HTTP/1.1" 200 5260
[09/Nov/2017 14:23:44] INFO [django.server:124] "GET /static/css/base.css HTTP/1.1" 200 57
[09/Nov/2017 14:23:44] INFO [django.server:124] "GET /static/css/footer.css HTTP/1.1" 200 524
[09/Nov/2017 14:23:44] INFO [django.server:124] "GET /static/vendor/bootstrap.min.css HTTP/1.1" 200 127343
[09/Nov/2017 14:23:44] INFO [django.server:124] "GET /static/img/logo_stacked.svg HTTP/1.1" 200 12759
[09/Nov/2017 14:23:44] INFO [django.server:124] "GET /static/img/daclogo.svg HTTP/1.1" 200 8174
[09/Nov/2017 14:23:44] WARNING [django.server:124] "GET /static/vendor/bootstrap.min.css.map HTTP/1.1" 404 1697
[09/Nov/2017 14:23:46] INFO [django.server:124] "GET /ab-loop/ HTTP/1.1" 200 5260
[09/Nov/2017 14:23:46] INFO [django.server:124] "GET /static/css/footer.css HTTP/1.1" 200 524
[09/Nov/2017 14:23:46] INFO [django.server:124] "GET /static/css/base.css HTTP/1.1" 200 57
[09/Nov/2017 14:23:46] INFO [django.server:124] "GET /static/vendor/bootstrap.min.css HTTP/1.1" 200 127343
[09/Nov/2017 14:23:46] INFO [django.server:124] "GET /static/img/logo_stacked.svg HTTP/1.1" 200 12759
[09/Nov/2017 14:23:46] INFO [django.server:124] "GET /static/img/daclogo.svg HTTP/1.1" 200 8174
[09/Nov/2017 14:23:46] WARNING [django.server:124] "GET /static/vendor/bootstrap.min.css.map HTTP/1.1" 404 1697
[09/Nov/2017 14:23:47] INFO [django.server:124] "GET /rec-sys/ HTTP/1.1" 200 5260
[09/Nov/2017 14:23:47] INFO [django.server:124] "GET /static/css/footer.css HTTP/1.1" 200 524
[09/Nov/2017 14:23:47] INFO [django.server:124] "GET /static/css/base.css HTTP/1.1" 200 57
[09/Nov/2017 14:23:47] INFO [django.server:124] "GET /static/vendor/bootstrap.min.css HTTP/1.1" 200 127343
[09/Nov/2017 14:23:47] INFO [django.server:124] "GET /static/img/logo_stacked.svg HTTP/1.1" 200 12759
[09/Nov/2017 14:23:47] INFO [django.server:124] "GET /static/img/daclogo.svg HTTP/1.1" 200 8174
[09/Nov/2017 14:23:47] WARNING [django.server:124] "GET /static/vendor/bootstrap.min.css.map HTTP/1.1" 404 1697
